Evaluating Mind Step 1
Belief Memory: 
   Agent    Belief  Object Affordance Target_Obj
0   Anne  Believes  Basket   Contains       None
1   Anne  Believes     Box   Contains       None
2   Anne  Believes   Sally     Exists       None
3  Sally  Believes    Anne     Exists       None
4  Sally  Believes  Basket   Contains       None
5  Sally  Believes     Box   Contains       None
Evaluating Mind Step 2
Belief Memory: 
   Agent    Belief  Object Affordance Target_Obj
0   Anne  Believes    Ball      Hides       None
1   Anne  Believes  Basket   Contains       None
2   Anne  Believes     Box   Contains       None
3   Anne  Believes   Sally     Exists       None
4  Sally  Believes    Anne     Exists       None
5  Sally  Believes    Ball      Hides       None
6  Sally  Believes  Basket   Contains       None
7  Sally  Believes     Box   Contains       None
Evaluating Mind Step 3
Belief Memory: 
   Agent    Belief  Object Affordance Target_Obj
0   Anne  Believes    Ball      Hides       None
1   Anne  Believes  Basket   Contains       None
2   Anne  Believes     Box   Contains       None
3   Anne  Believes   Sally     Exists       None
4  Sally  Believes    Anne     Exists       None
5  Sally  Believes    Ball      Hides       None
6  Sally  Believes  Basket   Contains       None
7  Sally  Believes     Box   Contains       None
Evaluating Mind Step 4
Belief Memory: 
   Agent    Belief  Object Affordance Target_Obj
0   Anne  Believes    Ball      Hides       None
1   Anne  Believes  Basket   Contains       None
2   Anne  Believes     Box   Contains       None
3   Anne  Believes   Sally     Exists       None
4  Sally  Believes    Anne     Exists       None
5  Sally  Believes    Ball      Hides       None
6  Sally  Believes  Basket   Contains       None
7  Sally  Believes     Box   Contains       None
Evaluating Mind Step 5
Belief Memory: 
   Agent    Belief  Object Affordance Target_Obj
0   Anne  Believes    Ball      Hides       None
1   Anne  Believes  Basket   Contains       None
2   Anne  Believes     Box   Contains       None
3   Anne  Believes   Sally     Exists       None
4  Sally  Believes    Anne     Exists       None
5  Sally  Believes    Ball      Hides       None
6  Sally  Believes  Basket   Contains       None
7  Sally  Believes     Box   Contains       None
Evaluating Mind Step 6
Belief Memory: 
   Agent    Belief  Object Affordance Target_Obj
0   Anne  Believes    Ball      Hides       None
1   Anne  Believes  Basket   Contains       None
2   Anne  Believes     Box   Contains       None
3   Anne  Believes   Sally     Exists       None
4  Sally  Believes    Anne     Exists       None
5  Sally  Believes    Ball      Hides       None
6  Sally  Believes  Basket   Contains       None
7  Sally  Believes     Box   Contains       None
Evaluating Mind Step 7
Belief Memory: 
   Agent    Belief  Object Affordance Target_Obj
0   Anne  Believes    Ball      Hides       None
1   Anne  Believes  Basket   Contains       None
2   Anne  Believes     Box   Contains       None
3   Anne  Believes   Sally     Exists       None
4  Sally  Believes    Anne     Exists       None
5  Sally  Believes    Ball      Hides       None
6  Sally  Believes  Basket   Contains       None
7  Sally  Believes     Box   Contains       None
Evaluating Mind Step 8
Belief Memory: 
   Agent    Belief  Object Affordance Target_Obj
0   Anne  Believes    Ball      Hides       None
1   Anne  Believes  Basket   Contains       None
2   Anne  Believes     Box   Contains       None
3   Anne  Believes   Sally     Exists       None
4  Sally  Believes    Anne     Exists       None
5  Sally  Believes    Ball      Hides       None
6  Sally  Believes  Basket   Contains       None
7  Sally  Believes     Box   Contains       None
Evaluating Mind Step 9
Belief Memory: 
   Agent    Belief  Object Affordance Target_Obj
0   Anne  Believes    Ball      Hides       None
1   Anne  Believes  Basket   Contains       None
2   Anne  Believes     Box   Contains       None
3   Anne  Believes   Sally     Exists       None
4  Sally  Believes    Anne     Exists       None
5  Sally  Believes    Ball      Hides       None
6  Sally  Believes  Basket   Contains       None
7  Sally  Believes     Box   Contains       None
