Evaluating Mind Step 1
ToM:
Agents: ['Sally', 'Anne']
Intentions: []
Beliefs: [['Sally', 'Believes', 'Anne', 'Exists', 'None'], ['Sally', 'Believes', 'Basket', 'Contains', 'None'], ['Sally', 'Believes', 'Box', 'Contains', 'None'], ['Anne', 'Believes', 'Sally', 'Exists', 'None'], ['Anne', 'Believes', 'Basket', 'Contains', 'None'], ['Anne', 'Believes', 'Box', 'Contains', 'None']]
Evaluating Mind Step 2
ToM:
Agents: ['Sally', 'Anne']
Intentions: [['Sally', 'ReachFor', 'Ball', 'None']]
Beliefs: [['Sally', 'Believes', 'Anne', 'Exists', 'None'], ['Sally', 'Believes', 'Basket', 'Contains', 'None'], ['Sally', 'Believes', 'Box', 'Contains', 'None'], ['Sally', 'Believes', 'Ball', 'OnHand', 'Of Sally'], ['Anne', 'Believes', 'Sally', 'Exists', 'None'], ['Anne', 'Believes', 'Basket', 'Contains', 'None'], ['Anne', 'Believes', 'Box', 'Contains', 'None'], ['Anne', 'Believes', 'Ball', 'OnHand', 'Of Sally']]
Evaluating Mind Step 3
ToM:
Agents: ['Sally', 'Anne']
Intentions: [['Sally', 'Puts', 'Ball', 'Basket']]
Beliefs: [['Sally', 'Believes', 'Basket', 'Contains', 'None'], ['Sally', 'Believes', 'Box', 'Contains', 'None'], ['Anne', 'Believes', 'Basket', 'Contains', 'None'], ['Anne', 'Believes', 'Box', 'Contains', 'None']]
Evaluating Mind Step 4
ToM:
Agents: ['Anne']
Intentions: [['Sally', 'Exits', 'None', 'None']]
Beliefs: [['Anne', 'Believes', 'Basket', 'Contains', 'None'], ['Anne', 'Believes', 'Box', 'Contains', 'None']]
Evaluating Mind Step 5
ToM:
Agents: ['Anne']
Intentions: [['Anne', 'ReachFor', 'Basket', 'None']]
Beliefs: [['Anne', 'Believes', 'Basket', 'OnHand', 'Of Anne'], ['Anne', 'Believes', 'Box', 'Contains', 'None']]
Evaluating Mind Step 6
ToM:
Agents: ['Anne']
Intentions: [['Anne', 'Gets', 'Ball', 'Basket']]
Beliefs: [['Anne', 'Believes', 'Basket', 'Contains', 'None'], ['Anne', 'Believes', 'Box', 'Contains', 'None'], ['Anne', 'Believes', 'Ball', 'OnHand', 'Of Anne']]
Evaluating Mind Step 7
ToM:
Agents: ['Anne']
Intentions: [['Anne', 'Puts', 'Ball', 'Box']]
Beliefs: [['Anne', 'Believes', 'Basket', 'Contains', 'None'], ['Anne', 'Believes', 'Box', 'Contains', 'None']]
Evaluating Mind Step 8
ToM:
Agents: ['Sally']
Intentions: [['Anne', 'Exits', 'None', 'None'], ['Sally', 'Enters', 'None', 'None']]
Beliefs: [['Sally', 'Believes', 'Basket', 'Contains', 'None']]
Evaluating Mind Step 9
ToM:
Agents: ['Sally']
Intentions: [['Sally', 'Search', 'Ball', 'None']]
Beliefs: [['Sally', 'Believes', 'Basket', 'Contains', 'None'], ['Sally', 'Believes', 'Box', 'Contains', 'None']]
